<?xml version="1.0" encoding="UTF-8"?>
<testng-results skipped="0" failed="0" total="1" passed="1">
  <reporter-output>
  </reporter-output>
  <suite name="com.facebook.SeleniumMaven.SimpleTest" duration-ms="10384" started-at="2017-02-24T04:58:05Z" finished-at="2017-02-24T04:58:15Z">
    <groups>
    </groups>
    <test name="Command line test" duration-ms="10384" started-at="2017-02-24T04:58:05Z" finished-at="2017-02-24T04:58:15Z">
      <class name="com.facebook.SeleniumMaven.SimpleTest">
        <test-method status="PASS" signature="initializeDriver()[pri:0, instance:com.facebook.SeleniumMaven.SimpleTest@62043840]" name="initializeDriver" is-config="true" duration-ms="4940" started-at="2017-02-23T23:58:05Z" finished-at="2017-02-23T23:58:10Z">
          <reporter-output>
          </reporter-output>
        </test-method> <!-- initializeDriver -->
        <test-method status="PASS" signature="TestOne()[pri:0, instance:com.facebook.SeleniumMaven.SimpleTest@62043840]" name="TestOne" duration-ms="5221" started-at="2017-02-23T23:58:10Z" finished-at="2017-02-23T23:58:15Z">
          <reporter-output>
          </reporter-output>
        </test-method> <!-- TestOne -->
        <test-method status="PASS" signature="tearDown()[pri:0, instance:com.facebook.SeleniumMaven.SimpleTest@62043840]" name="tearDown" is-config="true" duration-ms="209" started-at="2017-02-23T23:58:15Z" finished-at="2017-02-23T23:58:15Z">
          <reporter-output>
          </reporter-output>
        </test-method> <!-- tearDown -->
      </class> <!-- com.facebook.SeleniumMaven.SimpleTest -->
    </test> <!-- Command line test -->
  </suite> <!-- com.facebook.SeleniumMaven.SimpleTest -->
</testng-results>
